\BOOKMARK [1][-]{section.1}{\376\377\000C\001\240\000\040\000S\036\336\000\040\000L\000\315\000\040\000T\000H\000U\000Y\036\276\000T\000\040\000P\000H\000\302\000N\000\040\000T\000\315\000C\000H\000\040\000A\000=\000Q\000R\000\040\000B\036\260\000N\000G\000\040\000B\000I\036\276\000N\000\040\001\020\036\324\000I\000\040\000H\000O\000U\000S\000E\000H\000O\000L\000D\000E\000R}{}% 1
\BOOKMARK [2][-]{subsection.1.1}{\376\377\000G\000I\036\332\000I\000\040\000T\000H\000I\036\306\000U\000\040\000T\000H\000U\036\254\000T\000\040\000T\000O\000\301\000N\000\040\000A\000=\000Q\000R}{section.1}% 2
\BOOKMARK [3][-]{subsubsection.1.1.1}{\376\377\000K\000h\000\341\000i\000\040\000n\000i\036\307\000m\000\040\000p\000h\000\342\000n\000\040\000r\000\343\000\040\000Q\000R}{subsection.1.1}% 3
\BOOKMARK [3][-]{subsubsection.1.1.2}{\376\377\000\335\000\040\000t\001\260\036\337\000n\000g\000\040\000c\036\347\000a\000\040\000t\000h\000u\036\255\000t\000\040\000t\000o\000\341\000n\000\040\000Q\000R}{subsection.1.1}% 4
\BOOKMARK [3][-]{subsubsection.1.1.3}{\376\377\000Q\000u\000y\000\040\000t\000r\000\354\000n\000h\000\040\000G\000r\000a\000m\000-\000S\000c\000h\000m\000i\000d\000t}{subsection.1.1}% 5
\BOOKMARK [3][-]{subsubsection.1.1.4}{\376\377\000P\000h\036\243\000n\000\040\000c\000h\000i\036\277\000u\000\040\000H\000o\000u\000s\000e\000h\000o\000l\000d\000e\000r}{subsection.1.1}% 6
\BOOKMARK [2][-]{subsection.1.2}{\376\377\000L\000\355\000\040\000t\000h\000u\000y\036\277\000t\000\040\000v\000\340\000\040\000t\000h\000u\036\255\000t\000\040\000t\000o\000\341\000n}{section.1}% 7
\BOOKMARK [3][-]{subsubsection.1.2.1}{\376\377\001\020\036\321\000i\000\040\000v\036\333\000i\000\040\000m\000a\000\040\000t\000r\036\255\000n\000\040\000v\000u\000\364\000n\000g}{subsection.1.2}% 8
\BOOKMARK [3][-]{subsubsection.1.2.2}{\376\377\001\020\036\321\000i\000\040\000v\036\333\000i\000\040\000m\000a\000\040\000t\000r\036\255\000n\000\040\000h\000\354\000n\000h\000\040\000c\000h\036\357\000\040\000n\000h\036\255\000t}{subsection.1.2}% 9
\BOOKMARK [3][-]{subsubsection.1.2.3}{\376\377\000T\000h\000u\036\255\000t\000\040\000t\000o\000\341\000n\000\040\000p\000h\000\351\000p\000\040\000b\000i\036\277\000n\000\040\001\021\036\325\000i\000\040\000H\000o\000u\000s\000e\000h\000o\000l\000d\000e\000r}{subsection.1.2}% 10
\BOOKMARK [1][-]{section.2}{\376\377\000C\000H\001\257\001\240\000N\000G\000\040\000T\000R\000\314\000N\000H\000\040\000M\000A\000T\000L\000A\000B\000\040}{}% 11
\BOOKMARK [2][-]{subsection.2.1}{\376\377\000C\000h\001\260\001\241\000n\000g\000\040\000t\000r\000\354\000n\000h\000\040\000p\000h\000\342\000n\000\040\000t\000\355\000c\000h\000\040\000A\000=\000Q\000R}{section.2}% 12
\BOOKMARK [2][-]{subsection.2.2}{\376\377\000C\000h\001\260\001\241\000n\000g\000\040\000t\000r\000\354\000n\000h\000\040\000t\000\355\000n\000h\000\040\000R\000\040\000v\000\340\000\040\000Q\000T\000b}{section.2}% 13
\BOOKMARK [2][-]{subsection.2.3}{\376\377\000V\000\355\000\040\000d\036\345\000\040\000m\000i\000n\000h\000\040\000h\036\315\000a}{section.2}% 14
\BOOKMARK [1][-]{section.3}{\376\377\000C\000\341\000c\000\040\036\351\000n\000g\000\040\000d\036\345\000n\000g\000\040\000c\036\347\000a\000\040\000p\000h\000\351\000p\000\040\000p\000h\000\342\000n\000\040\000t\000\355\000c\000h\000\040\000A\000\040\000=\000\040\000Q\000R}{}% 15
\BOOKMARK [2][-]{subsection.3.1}{\376\377\000G\000i\036\243\000i\000\040\000q\000u\000y\036\277\000t\000\040\000c\000\341\000c\000\040\000b\000\340\000i\000\040\000t\000o\000\341\000n\000\040\000t\000\354\000m\000\040\000g\000i\000\341\000\040\000t\000r\036\313\000\040\000r\000i\000\352\000n\000g\000:}{section.3}% 16
\BOOKMARK [3][-]{subsubsection.3.1.1}{\376\377\000C\000\341\000c\000\040\000b\001\260\036\333\000c\000\040\000t\000\354\000m\000\040\000t\000r\036\313\000\040\000r\000i\000\352\000n\000g\000\040\000b\036\261\000n\000g\000\040\000p\000h\001\260\001\241\000n\000g\000\040\000p\000h\000\341\000p\000\040\000Q\000R\000\040}{subsection.3.1}% 17
\BOOKMARK [3][-]{subsubsection.3.1.2}{\376\377\000C\000\364\000n\000g\000\040\000t\000h\036\351\000c\000\040\000c\036\247\000n\000\040\000l\001\260\000u\000\040\000\375}{subsection.3.1}% 18
\BOOKMARK [3][-]{subsubsection.3.1.3}{\376\377\000V\000\355\000\040\000d\036\345}{subsection.3.1}% 19
\BOOKMARK [2][-]{subsection.3.2}{\376\377\036\350\000n\000g\000\040\000d\036\345\000n\000g\000\040\000t\000r\000o\000n\000g\000\040\000M\000I\000M\000O}{section.3}% 20
\BOOKMARK [2][-]{subsection.3.3}{\376\377\000G\000i\036\243\000i\000\040\000q\000u\000y\036\277\000t\000\040\000v\036\245\000n\000\040\001\021\036\301\000\040\000b\000\354\000n\000h\000\040\000p\000h\001\260\001\241\000n\000g\000\040\000c\036\361\000c\000\040\000t\000i\036\303\000u}{section.3}% 21
